[2025-05-13T16:41:13.361Z] [DEBUG] Query completed in 802ms
[2025-05-13T16:41:13.390Z] [INFO] MySQL connection pool created {
  "connectionLimit": 10
}
[2025-05-13T16:41:13.436Z] [DEBUG] Query completed in 1ms
[2025-05-13T16:41:13.695Z] [INFO] MySQL connection pool created {
  "connectionLimit": 10
}
[2025-05-13T16:41:15.773Z] [DEBUG] Query completed in 4ms
[2025-05-13T16:41:17.753Z] [DEBUG] Query completed in 2ms
[2025-05-13T16:41:18.866Z] [INFO] Reading position fetched {
  "userId": "eb76c390-5811-42d8-b816-9df631e297af",
  "found": true,
  "surahId": 1,
  "ayatNumber": 7
}
[2025-05-13T16:41:18.996Z] [INFO] Reading position fetched {
  "userId": "eb76c390-5811-42d8-b816-9df631e297af",
  "found": true,
  "surahId": 1,
  "ayatNumber": 7
}
[2025-05-13T16:41:19.056Z] [INFO] Reading position fetched {
  "userId": "eb76c390-5811-42d8-b816-9df631e297af",
  "found": true,
  "surahId": 1,
  "ayatNumber": 7
}
[2025-05-13T16:41:19.093Z] [INFO] Reading position fetched {
  "userId": "eb76c390-5811-42d8-b816-9df631e297af",
  "found": true,
  "surahId": 1,
  "ayatNumber": 7
}
[2025-05-13T16:41:20.154Z] [DEBUG] Query completed in 1ms
[2025-05-13T16:41:20.431Z] [INFO] MySQL connection pool created {
  "connectionLimit": 10
}
[2025-05-13T16:41:21.565Z] [DEBUG] Query completed in 1ms
[2025-05-13T17:06:43.773Z] [INFO] MySQL connection pool created {
  "connectionLimit": 10
}
[2025-05-13T17:06:43.936Z] [DEBUG] Query completed in 141ms
[2025-05-13T17:06:43.938Z] [DEBUG] Query completed in 162ms
[2025-05-13T17:06:43.970Z] [DEBUG] Query completed in 6ms
[2025-05-13T17:06:43.996Z] [DEBUG] Query completed in 1ms
[2025-05-13T17:06:51.997Z] [DEBUG] Query completed in 6ms
[2025-05-13T19:16:03.465Z] [INFO] MySQL connection pool created {
  "connectionLimit": 10
}
[2025-05-13T19:19:32.673Z] [INFO] MySQL connection pool created {
  "connectionLimit": 10
}
[2025-05-13T19:24:29.563Z] [INFO] MySQL connection pool created {
  "connectionLimit": 10
}
[2025-05-13T19:30:13.426Z] [INFO] MySQL connection pool created {
  "connectionLimit": 10
}
[2025-05-13T19:35:43.642Z] [INFO] MySQL connection pool created {
  "connectionLimit": 10
}
[2025-05-13T19:38:25.879Z] [INFO] MySQL connection pool created {
  "connectionLimit": 10
}
[2025-05-13T19:40:18.595Z] [INFO] MySQL connection pool created {
  "connectionLimit": 10
}
[2025-05-13T19:44:14.495Z] [INFO] MySQL connection pool created {
  "connectionLimit": 10
}
[2025-05-13T19:45:51.759Z] [INFO] MySQL connection pool created {
  "connectionLimit": 10
}
[2025-05-13T19:55:22.098Z] [INFO] MySQL connection pool created {
  "connectionLimit": 10
}
[2025-05-13T19:57:24.735Z] [INFO] MySQL connection pool created {
  "connectionLimit": 10
}
[2025-05-13T19:57:34.726Z] [INFO] MySQL connection pool created {
  "connectionLimit": 10
}
[2025-05-13T19:57:40.516Z] [INFO] MySQL connection pool created {
  "connectionLimit": 10
}
[2025-05-13T19:57:45.665Z] [INFO] MySQL connection pool created {
  "connectionLimit": 10
}
[2025-05-13T19:58:00.056Z] [INFO] MySQL connection pool created {
  "connectionLimit": 10
}
[2025-05-13T19:58:18.170Z] [INFO] MySQL connection pool created {
  "connectionLimit": 10
}
[2025-05-13T19:58:50.419Z] [INFO] MySQL connection pool created {
  "connectionLimit": 10
}
